<?xml version="1.0" encoding="UTF-8"?>
<testsuite name="RectangleTest" tests="3" skipped="0" failures="0" errors="0" timestamp="2017-03-16T17:02:23" hostname="Epicodus-5E.local" time="0.002">
  <properties/>
  <testcase name="newRectangle_getsLength_2" classname="RectangleTest" time="0.001"/>
  <testcase name="newRectangle_getsWidth_3" classname="RectangleTest" time="0.0"/>
  <testcase name="newRectangle_createNewInstance" classname="RectangleTest" time="0.0"/>
  <system-out><![CDATA[]]></system-out>
  <system-err><![CDATA[]]></system-err>
</testsuite>
