<?xml version="1.0" encoding="UTF-8"?>
<testsuite name="RectangleTest" tests="1" skipped="0" failures="0" errors="0" timestamp="2017-03-16T16:53:06" hostname="Epicodus-5E.local" time="0.002">
  <properties/>
  <testcase name="newRectangle_createNewInstance" classname="RectangleTest" time="0.002"/>
  <system-out><![CDATA[]]></system-out>
  <system-err><![CDATA[]]></system-err>
</testsuite>
